mode: atomic
danger-dodgers/pkg/auth/auth.go:31.39,32.39 1 2
danger-dodgers/pkg/auth/auth.go:32.39,34.3 1 1
danger-dodgers/pkg/auth/auth.go:35.2,35.12 1 1
danger-dodgers/pkg/auth/auth.go:44.129,46.42 1 4
danger-dodgers/pkg/auth/auth.go:46.42,48.3 1 1
danger-dodgers/pkg/auth/auth.go:50.2,55.33 2 3
danger-dodgers/pkg/auth/auth.go:55.33,57.3 1 0
danger-dodgers/pkg/auth/auth.go:59.2,59.18 1 3
danger-dodgers/pkg/auth/auth.go:62.109,73.2 3 2
danger-dodgers/pkg/auth/auth.go:75.84,79.16 3 3
danger-dodgers/pkg/auth/auth.go:79.16,81.3 1 1
danger-dodgers/pkg/auth/auth.go:83.2,84.16 2 2
danger-dodgers/pkg/auth/auth.go:84.16,86.3 1 1
danger-dodgers/pkg/auth/auth.go:88.2,88.21 1 1
danger-dodgers/pkg/auth/errors.go:6.57,8.2 1 0
danger-dodgers/pkg/auth/errors.go:13.46,15.2 1 0
danger-dodgers/pkg/auth/errors.go:20.45,22.2 1 0
danger-dodgers/pkg/geography/errors.go:9.50,11.2 1 0
danger-dodgers/pkg/geography/errors.go:17.49,19.2 1 0
danger-dodgers/pkg/geography/geography.go:19.50,24.33 2 1
danger-dodgers/pkg/geography/geography.go:24.33,26.3 1 0
danger-dodgers/pkg/geography/geography.go:28.2,28.12 1 1
danger-dodgers/pkg/geography/geography.go:31.52,32.49 1 1
danger-dodgers/pkg/geography/geography.go:32.49,36.3 1 0
danger-dodgers/pkg/geography/geography.go:38.2,38.53 1 1
danger-dodgers/pkg/geography/geography.go:38.53,42.3 1 0
danger-dodgers/pkg/geography/geography.go:44.2,44.12 1 1
danger-dodgers/pkg/geography/geography.go:47.77,49.16 2 0
danger-dodgers/pkg/geography/geography.go:49.16,51.3 1 0
danger-dodgers/pkg/geography/geography.go:53.2,56.48 3 0
danger-dodgers/pkg/geography/geography.go:56.48,57.52 1 0
danger-dodgers/pkg/geography/geography.go:57.52,62.4 1 0
danger-dodgers/pkg/geography/geography.go:65.2,65.20 1 0
danger-dodgers/pkg/geography/geography.go:68.58,70.16 2 1
danger-dodgers/pkg/geography/geography.go:70.16,72.3 1 0
danger-dodgers/pkg/geography/geography.go:74.2,74.29 1 1
danger-dodgers/pkg/geography/geography.go:77.49,82.2 1 1
danger-dodgers/pkg/geography/geography.go:84.53,86.2 1 0
danger-dodgers/pkg/db/errors.go:14.47,16.2 1 0
danger-dodgers/pkg/db/errors.go:23.42,25.2 1 0
danger-dodgers/pkg/db/errors.go:31.43,33.2 1 0
danger-dodgers/pkg/db/helpers.go:11.36,15.2 3 3
danger-dodgers/pkg/db/helpers.go:17.30,21.2 3 3
danger-dodgers/pkg/db/helpers.go:23.36,25.2 1 3
danger-dodgers/pkg/db/helpers.go:27.33,29.8 2 3
danger-dodgers/pkg/db/helpers.go:29.8,31.3 1 3
danger-dodgers/pkg/db/helpers.go:32.2,32.18 1 3
danger-dodgers/pkg/db/helpers.go:35.38,37.2 1 0
danger-dodgers/pkg/db/helpers.go:39.37,43.2 3 0
danger-dodgers/pkg/db/helpers.go:45.36,47.2 1 1
danger-dodgers/pkg/db/helpers.go:49.30,51.2 1 1
danger-dodgers/pkg/db/helpers.go:53.36,55.2 1 1
danger-dodgers/pkg/db/helpers.go:57.32,58.18 1 1
danger-dodgers/pkg/db/helpers.go:58.18,60.3 1 1
danger-dodgers/pkg/db/helpers.go:60.8,62.3 1 0
danger-dodgers/pkg/db/helpers.go:65.37,67.2 1 0
danger-dodgers/pkg/db/helpers.go:69.37,71.2 1 0
danger-dodgers/pkg/db/mock.go:10.74,12.2 1 0
danger-dodgers/pkg/db/mock.go:14.76,16.2 1 0
danger-dodgers/pkg/db/mock.go:20.73,22.2 1 0
danger-dodgers/pkg/db/mock.go:24.75,26.2 1 0
danger-dodgers/pkg/db/wrapper.go:51.94,57.2 1 2
danger-dodgers/pkg/db/wrapper.go:59.42,61.2 1 111
danger-dodgers/pkg/db/wrapper.go:63.61,65.2 1 8
danger-dodgers/pkg/db/wrapper.go:67.65,69.2 1 4
danger-dodgers/pkg/db/wrapper.go:71.67,73.2 1 3
danger-dodgers/pkg/db/wrapper.go:75.71,77.2 1 4
danger-dodgers/pkg/db/wrapper.go:79.73,81.2 1 2
danger-dodgers/pkg/db/wrapper.go:83.88,85.9 2 3
danger-dodgers/pkg/db/wrapper.go:85.9,87.3 1 0
danger-dodgers/pkg/db/wrapper.go:89.2,90.48 2 3
danger-dodgers/pkg/db/wrapper.go:90.48,94.35 2 3
danger-dodgers/pkg/db/wrapper.go:94.35,96.4 1 3
danger-dodgers/pkg/db/wrapper.go:98.3,98.17 1 0
danger-dodgers/pkg/db/wrapper.go:98.17,100.4 1 0
danger-dodgers/pkg/db/wrapper.go:102.3,104.4 1 0
danger-dodgers/pkg/db/wrapper.go:106.2,106.16 1 3
danger-dodgers/pkg/db/wrapper.go:106.16,108.3 1 0
danger-dodgers/pkg/db/wrapper.go:110.2,110.50 1 3
danger-dodgers/pkg/db/wrapper.go:110.50,112.17 2 3
danger-dodgers/pkg/db/wrapper.go:112.17,114.4 1 0
danger-dodgers/pkg/db/wrapper.go:116.3,117.17 2 3
danger-dodgers/pkg/db/wrapper.go:117.17,119.4 1 0
danger-dodgers/pkg/db/wrapper.go:121.3,121.43 1 3
danger-dodgers/pkg/db/wrapper.go:121.43,123.18 2 12
danger-dodgers/pkg/db/wrapper.go:123.18,125.5 1 0
danger-dodgers/pkg/db/wrapper.go:128.3,128.13 1 3
danger-dodgers/pkg/db/wrapper.go:132.95,133.27 1 3
danger-dodgers/pkg/db/wrapper.go:133.27,135.17 2 2
danger-dodgers/pkg/db/wrapper.go:135.17,137.4 1 0
danger-dodgers/pkg/db/wrapper.go:139.3,140.17 2 2
danger-dodgers/pkg/db/wrapper.go:140.17,142.4 1 0
danger-dodgers/pkg/db/wrapper.go:145.2,145.12 1 3
danger-dodgers/pkg/db/wrapper.go:148.82,153.60 4 3
danger-dodgers/pkg/db/wrapper.go:153.60,155.44 2 2
danger-dodgers/pkg/db/wrapper.go:155.44,157.4 1 2
danger-dodgers/pkg/db/wrapper.go:158.3,158.17 1 2
danger-dodgers/pkg/db/wrapper.go:158.17,160.4 1 0
danger-dodgers/pkg/db/wrapper.go:162.3,163.17 2 2
danger-dodgers/pkg/db/wrapper.go:163.17,165.4 1 0
danger-dodgers/pkg/db/wrapper.go:168.2,168.12 1 3
danger-dodgers/pkg/db/wrapper.go:171.75,172.50 1 0
danger-dodgers/pkg/db/wrapper.go:172.50,174.3 1 0
danger-dodgers/pkg/db/wrapper.go:177.77,179.41 2 4
danger-dodgers/pkg/db/wrapper.go:179.41,184.61 4 4
danger-dodgers/pkg/db/wrapper.go:184.61,186.45 2 4
danger-dodgers/pkg/db/wrapper.go:186.45,189.5 2 4
danger-dodgers/pkg/db/wrapper.go:190.4,190.18 1 4
danger-dodgers/pkg/db/wrapper.go:190.18,192.5 1 0
danger-dodgers/pkg/db/wrapper.go:194.3,194.13 1 4
danger-dodgers/pkg/db/wrapper.go:196.2,196.18 1 4
danger-dodgers/pkg/db/wrapper.go:199.64,201.48 2 2
danger-dodgers/pkg/db/wrapper.go:201.48,203.35 2 2
danger-dodgers/pkg/db/wrapper.go:203.35,207.4 1 1
danger-dodgers/pkg/db/wrapper.go:209.3,209.17 1 1
danger-dodgers/pkg/db/wrapper.go:209.17,211.4 1 0
danger-dodgers/pkg/db/wrapper.go:213.3,213.42 1 1
danger-dodgers/pkg/db/wrapper.go:213.42,215.18 2 4
danger-dodgers/pkg/db/wrapper.go:215.18,217.5 1 0
danger-dodgers/pkg/db/wrapper.go:219.4,219.44 1 4
danger-dodgers/pkg/db/wrapper.go:219.44,222.5 2 4
danger-dodgers/pkg/db/wrapper.go:223.4,223.18 1 4
danger-dodgers/pkg/db/wrapper.go:223.18,225.5 1 0
danger-dodgers/pkg/db/wrapper.go:227.3,227.13 1 1
danger-dodgers/pkg/db/wrapper.go:229.2,229.16 1 2
danger-dodgers/pkg/db/wrapper.go:229.16,231.3 1 1
danger-dodgers/pkg/db/wrapper.go:233.2,233.15 1 1
danger-dodgers/pkg/db/wrapper.go:236.61,238.48 2 3
danger-dodgers/pkg/db/wrapper.go:238.48,241.3 2 3
danger-dodgers/pkg/db/wrapper.go:242.2,242.16 1 3
danger-dodgers/pkg/db/wrapper.go:242.16,244.3 1 0
danger-dodgers/pkg/db/wrapper.go:246.2,246.50 1 3
danger-dodgers/pkg/db/wrapper.go:246.50,249.17 2 3
danger-dodgers/pkg/db/wrapper.go:249.17,251.4 1 0
danger-dodgers/pkg/db/wrapper.go:253.3,253.34 1 3
danger-dodgers/pkg/db/wrapper.go:253.34,255.18 2 12
danger-dodgers/pkg/db/wrapper.go:255.18,257.5 1 0
danger-dodgers/pkg/db/wrapper.go:260.3,260.32 1 3
