mode: atomic
danger-dodgers/db/errors.go:11.55,13.2 1 0
danger-dodgers/db/errors.go:22.50,24.2 1 0
danger-dodgers/db/helpers.go:10.37,14.2 3 2
danger-dodgers/db/helpers.go:16.31,20.2 3 2
danger-dodgers/db/helpers.go:22.37,24.2 1 2
danger-dodgers/db/helpers.go:26.34,28.8 2 2
danger-dodgers/db/helpers.go:28.8,30.3 1 2
danger-dodgers/db/helpers.go:31.2,31.18 1 2
danger-dodgers/db/helpers.go:34.39,36.2 1 0
danger-dodgers/db/helpers.go:38.37,40.2 1 1
danger-dodgers/db/helpers.go:42.31,44.2 1 1
danger-dodgers/db/helpers.go:46.37,48.2 1 1
danger-dodgers/db/helpers.go:50.33,51.18 1 1
danger-dodgers/db/helpers.go:51.18,53.3 1 1
danger-dodgers/db/helpers.go:53.8,55.3 1 0
danger-dodgers/db/helpers.go:58.38,60.2 1 0
danger-dodgers/db/wrapper.go:36.94,42.2 1 1
danger-dodgers/db/wrapper.go:44.42,46.2 1 40
danger-dodgers/db/wrapper.go:48.61,50.2 1 4
danger-dodgers/db/wrapper.go:52.72,54.48 2 1
danger-dodgers/db/wrapper.go:54.48,58.35 2 1
danger-dodgers/db/wrapper.go:58.35,60.4 1 1
danger-dodgers/db/wrapper.go:62.3,62.17 1 0
danger-dodgers/db/wrapper.go:62.17,64.4 1 0
danger-dodgers/db/wrapper.go:66.3,66.38 1 0
danger-dodgers/db/wrapper.go:68.2,68.16 1 1
danger-dodgers/db/wrapper.go:68.16,70.3 1 0
danger-dodgers/db/wrapper.go:72.2,72.50 1 1
danger-dodgers/db/wrapper.go:72.50,74.17 2 1
danger-dodgers/db/wrapper.go:74.17,76.4 1 0
danger-dodgers/db/wrapper.go:78.3,78.43 1 1
danger-dodgers/db/wrapper.go:78.43,80.18 2 4
danger-dodgers/db/wrapper.go:80.18,82.5 1 0
danger-dodgers/db/wrapper.go:85.3,85.13 1 1
danger-dodgers/db/wrapper.go:89.64,91.48 2 2
danger-dodgers/db/wrapper.go:91.48,93.17 2 2
danger-dodgers/db/wrapper.go:93.17,95.4 1 1
danger-dodgers/db/wrapper.go:97.3,97.42 1 1
danger-dodgers/db/wrapper.go:97.42,99.18 2 4
danger-dodgers/db/wrapper.go:99.18,101.5 1 0
danger-dodgers/db/wrapper.go:103.4,103.44 1 4
danger-dodgers/db/wrapper.go:103.44,106.5 2 4
danger-dodgers/db/wrapper.go:107.4,107.18 1 4
danger-dodgers/db/wrapper.go:107.18,109.5 1 0
danger-dodgers/db/wrapper.go:111.3,111.13 1 1
danger-dodgers/db/wrapper.go:113.2,113.16 1 2
danger-dodgers/db/wrapper.go:113.16,115.3 1 1
danger-dodgers/db/wrapper.go:117.2,117.15 1 1
danger-dodgers/db/wrapper.go:120.61,122.48 2 1
danger-dodgers/db/wrapper.go:122.48,125.3 2 1
danger-dodgers/db/wrapper.go:126.2,126.16 1 1
danger-dodgers/db/wrapper.go:126.16,128.3 1 0
danger-dodgers/db/wrapper.go:130.2,130.50 1 1
danger-dodgers/db/wrapper.go:130.50,133.17 2 1
danger-dodgers/db/wrapper.go:133.17,135.4 1 0
danger-dodgers/db/wrapper.go:137.3,137.34 1 1
danger-dodgers/db/wrapper.go:137.34,139.18 2 4
danger-dodgers/db/wrapper.go:139.18,141.5 1 0
danger-dodgers/db/wrapper.go:144.3,144.13 1 1
danger-dodgers/db/wrapper.go:148.76,151.42 3 1
danger-dodgers/db/wrapper.go:151.42,157.3 2 4
danger-dodgers/db/wrapper.go:158.2,158.12 1 1
danger-dodgers/db/wrapper.go:161.79,163.25 2 0
danger-dodgers/db/wrapper.go:163.25,165.48 2 0
danger-dodgers/db/wrapper.go:165.48,167.4 1 0
danger-dodgers/db/wrapper.go:169.3,170.10 2 0
danger-dodgers/db/wrapper.go:170.10,172.4 1 0
danger-dodgers/db/wrapper.go:174.3,174.21 1 0
danger-dodgers/db/wrapper.go:177.2,177.15 1 0
