mode: atomic
danger-dodgers/db/errors.go:11.55,13.2 1 0
danger-dodgers/db/errors.go:22.50,24.2 1 0
danger-dodgers/db/helpers.go:8.37,12.2 3 2
danger-dodgers/db/helpers.go:14.31,18.2 3 2
danger-dodgers/db/helpers.go:20.37,22.2 1 2
danger-dodgers/db/helpers.go:24.34,26.8 2 2
danger-dodgers/db/helpers.go:26.8,28.3 1 2
danger-dodgers/db/helpers.go:29.2,29.18 1 2
danger-dodgers/db/helpers.go:32.37,34.2 1 1
danger-dodgers/db/helpers.go:36.31,38.2 1 1
danger-dodgers/db/helpers.go:40.37,42.2 1 1
danger-dodgers/db/helpers.go:44.33,45.18 1 1
danger-dodgers/db/helpers.go:45.18,47.3 1 1
danger-dodgers/db/helpers.go:47.8,49.3 1 0
danger-dodgers/db/queries.go:33.160,35.53 1 1
danger-dodgers/db/queries.go:35.53,37.3 1 0
danger-dodgers/db/queries.go:39.2,39.40 1 1
danger-dodgers/db/queries.go:39.40,41.10 2 4
danger-dodgers/db/queries.go:41.10,43.4 1 0
danger-dodgers/db/queries.go:46.2,51.8 1 1
danger-dodgers/db/queries.go:54.42,56.2 1 40
danger-dodgers/db/queries.go:58.61,60.2 1 4
danger-dodgers/db/queries.go:62.72,64.48 2 1
danger-dodgers/db/queries.go:64.48,68.35 2 1
danger-dodgers/db/queries.go:68.35,70.4 1 1
danger-dodgers/db/queries.go:72.3,72.17 1 0
danger-dodgers/db/queries.go:72.17,74.4 1 0
danger-dodgers/db/queries.go:76.3,76.38 1 0
danger-dodgers/db/queries.go:78.2,78.16 1 1
danger-dodgers/db/queries.go:78.16,80.3 1 0
danger-dodgers/db/queries.go:82.2,82.50 1 1
danger-dodgers/db/queries.go:82.50,84.17 2 1
danger-dodgers/db/queries.go:84.17,86.4 1 0
danger-dodgers/db/queries.go:88.3,88.47 1 1
danger-dodgers/db/queries.go:88.47,90.18 2 4
danger-dodgers/db/queries.go:90.18,92.5 1 0
danger-dodgers/db/queries.go:95.3,95.13 1 1
danger-dodgers/db/queries.go:99.64,101.48 2 2
danger-dodgers/db/queries.go:101.48,103.17 2 2
danger-dodgers/db/queries.go:103.17,105.4 1 1
danger-dodgers/db/queries.go:107.3,107.49 1 1
danger-dodgers/db/queries.go:107.49,109.18 2 4
danger-dodgers/db/queries.go:109.18,111.5 1 0
danger-dodgers/db/queries.go:113.4,113.44 1 4
danger-dodgers/db/queries.go:113.44,116.5 2 4
danger-dodgers/db/queries.go:117.4,117.18 1 4
danger-dodgers/db/queries.go:117.18,119.5 1 0
danger-dodgers/db/queries.go:121.3,121.13 1 1
danger-dodgers/db/queries.go:123.2,123.16 1 2
danger-dodgers/db/queries.go:123.16,125.3 1 1
danger-dodgers/db/queries.go:127.2,127.15 1 1
danger-dodgers/db/queries.go:130.61,132.48 2 1
danger-dodgers/db/queries.go:132.48,135.3 2 1
danger-dodgers/db/queries.go:136.2,136.16 1 1
danger-dodgers/db/queries.go:136.16,138.3 1 0
danger-dodgers/db/queries.go:140.2,140.50 1 1
danger-dodgers/db/queries.go:140.50,143.17 2 1
danger-dodgers/db/queries.go:143.17,145.4 1 0
danger-dodgers/db/queries.go:147.3,147.41 1 1
danger-dodgers/db/queries.go:147.41,149.18 2 4
danger-dodgers/db/queries.go:149.18,151.5 1 0
danger-dodgers/db/queries.go:154.3,154.13 1 1
danger-dodgers/db/queries.go:158.76,161.46 3 1
danger-dodgers/db/queries.go:161.46,167.3 2 4
danger-dodgers/db/queries.go:168.2,168.12 1 1
danger-dodgers/db/queries.go:171.79,173.25 2 0
danger-dodgers/db/queries.go:173.25,175.48 2 0
danger-dodgers/db/queries.go:175.48,177.4 1 0
danger-dodgers/db/queries.go:179.3,180.10 2 0
danger-dodgers/db/queries.go:180.10,182.4 1 0
danger-dodgers/db/queries.go:184.3,184.15 1 0
danger-dodgers/db/queries.go:187.2,187.15 1 0
